0 info it worked if it ends with ok
1 verbose cli [ '/usr/bin/node', '/usr/bin/npm', 'start' ]
2 info using npm@3.10.6
3 info using node@v6.3.1
4 verbose run-script [ 'prestart', 'start', 'poststart' ]
5 info lifecycle Starter-kit@1.0.0~prestart: Starter-kit@1.0.0
6 silly lifecycle Starter-kit@1.0.0~prestart: no script for prestart, continuing
7 info lifecycle Starter-kit@1.0.0~start: Starter-kit@1.0.0
8 verbose lifecycle Starter-kit@1.0.0~start: unsafe-perm in lifecycle true
9 verbose lifecycle Starter-kit@1.0.0~start: PATH: /usr/lib/node_modules/npm/bin/node-gyp-bin:/home/sane/Programing/IBBWebsite/node_modules/.bin:/home/sane/.rbenv/shims:/home/sane/.rbenv/shims:/home/sane/.rbenv/bin:/usr/local/sbin:/usr/local/bin:/usr/bin:/usr/lib/jvm/default/bin:/usr/bin/site_perl:/usr/bin/vendor_perl:/usr/bin/core_perl
10 verbose lifecycle Starter-kit@1.0.0~start: CWD: /home/sane/Programing/IBBWebsite
11 silly lifecycle Starter-kit@1.0.0~start: Args: [ '-c', 'webpack-dev-server' ]
12 silly lifecycle Starter-kit@1.0.0~start: Returned: code: 1  signal: null
13 info lifecycle Starter-kit@1.0.0~start: Failed to exec start script
14 verbose stack Error: Starter-kit@1.0.0 start: `webpack-dev-server`
14 verbose stack Exit status 1
14 verbose stack     at EventEmitter.<anonymous> (/usr/lib/node_modules/npm/lib/utils/lifecycle.js:255:16)
14 verbose stack     at emitTwo (events.js:106:13)
14 verbose stack     at EventEmitter.emit (events.js:191:7)
14 verbose stack     at ChildProcess.<anonymous> (/usr/lib/node_modules/npm/lib/utils/spawn.js:40:14)
14 verbose stack     at emitTwo (events.js:106:13)
14 verbose stack     at ChildProcess.emit (events.js:191:7)
14 verbose stack     at maybeClose (internal/child_process.js:852:16)
14 verbose stack     at Process.ChildProcess._handle.onexit (internal/child_process.js:215:5)
15 verbose pkgid Starter-kit@1.0.0
16 verbose cwd /home/sane/Programing/IBBWebsite
17 error Linux 4.7.0-1-ARCH
18 error argv "/usr/bin/node" "/usr/bin/npm" "start"
19 error node v6.3.1
20 error npm  v3.10.6
21 error code ELIFECYCLE
22 error Starter-kit@1.0.0 start: `webpack-dev-server`
22 error Exit status 1
23 error Failed at the Starter-kit@1.0.0 start script 'webpack-dev-server'.
23 error Make sure you have the latest version of node.js and npm installed.
23 error If you do, this is most likely a problem with the Starter-kit package,
23 error not with npm itself.
23 error Tell the author that this fails on your system:
23 error     webpack-dev-server
23 error You can get information on how to open an issue for this project with:
23 error     npm bugs Starter-kit
23 error Or if that isn't available, you can get their info via:
23 error     npm owner ls Starter-kit
23 error There is likely additional logging output above.
24 verbose exit [ 1, true ]
